[debug] [2024-02-29T18:31:59.739Z] ----------------------------------------------------------------------
[debug] [2024-02-29T18:31:59.741Z] Command:       /usr/bin/node /usr/bin/firebase init
[debug] [2024-02-29T18:31:59.741Z] CLI Version:   13.4.0
[debug] [2024-02-29T18:31:59.741Z] Platform:      linux
[debug] [2024-02-29T18:31:59.741Z] Node Version:  v21.6.2
[debug] [2024-02-29T18:31:59.741Z] Time:          Thu Feb 29 2024 13:31:59 GMT-0500 (Eastern Standard Time)
[debug] [2024-02-29T18:31:59.741Z] ----------------------------------------------------------------------
[debug] 
[debug] [2024-02-29T18:31:59.745Z] > command requires scopes: ["email","openid","https://www.googleapis.com/auth/cloudplatformprojects.readonly","https://www.googleapis.com/auth/firebase","https://www.googleapis.com/auth/cloud-platform"]
[debug] [2024-02-29T18:31:59.745Z] > authorizing via signed-in user (rpupo63@gmail.com)
[info] 
     ######## #### ########  ######## ########     ###     ######  ########
     ##        ##  ##     ## ##       ##     ##  ##   ##  ##       ##
     ######    ##  ########  ######   ########  #########  ######  ######
     ##        ##  ##    ##  ##       ##     ## ##     ##       ## ##
     ##       #### ##     ## ######## ########  ##     ##  ######  ########

You're about to initialize a Firebase project in this directory:

  /home/beto/projects/Job-Genie/landing_page

[info] 
=== Project Setup
[info] 
[info] First, let's associate this project directory with a Firebase project.
[info] You can create multiple project aliases by running firebase use --add, 
[info] but for now we'll just set up a default project.
[info] 
[debug] [2024-02-29T18:32:08.970Z] >>> [apiv2][query] GET https://firebase.googleapis.com/v1beta1/projects pageSize=100
[debug] [2024-02-29T18:32:09.699Z] <<< [apiv2][status] GET https://firebase.googleapis.com/v1beta1/projects 200
[debug] [2024-02-29T18:32:09.699Z] <<< [apiv2][body] GET https://firebase.googleapis.com/v1beta1/projects [omitted]
[info] i  Using project job-genie-da6d8 (job-genie) 
[info] 
=== Hosting Setup
[debug] [2024-02-29T18:32:12.503Z] >>> [apiv2][query] GET https://firebase.googleapis.com/v1beta1/projects/job-genie-da6d8 [none]
[debug] [2024-02-29T18:32:12.803Z] <<< [apiv2][status] GET https://firebase.googleapis.com/v1beta1/projects/job-genie-da6d8 200
[debug] [2024-02-29T18:32:12.803Z] <<< [apiv2][body] GET https://firebase.googleapis.com/v1beta1/projects/job-genie-da6d8 {"projectId":"job-genie-da6d8","projectNumber":"269588416926","displayName":"job-genie","name":"projects/job-genie-da6d8","resources":{"hostingSite":"job-genie-da6d8"},"state":"ACTIVE","etag":"1_e9443ec7-55d1-416c-af45-4263c1269c15"}
[info] 
[info] Your public directory is the folder (relative to your project directory) that
[info] will contain Hosting assets to be uploaded with firebase deploy. If you
[info] have a build process for your assets, use your build's output directory.
[info] 
[debug] [2024-02-29T18:32:32.275Z] >>> [apiv2][query] GET https://www.gstatic.com/firebasejs/releases.json [none]
[debug] [2024-02-29T18:32:32.466Z] <<< [apiv2][status] GET https://www.gstatic.com/firebasejs/releases.json 200
[debug] [2024-02-29T18:32:32.467Z] <<< [apiv2][body] GET https://www.gstatic.com/firebasejs/releases.json {"current":{"version":"10.8.1","browserURL":"https://www.gstatic.com/firebasejs/10.8.1/firebase.js","packageURL":"https://www.gstatic.com/firebasejs/10.8.1/firebase.tgz"},"live":{"version":"10.8","browserURL":"https://www.gstatic.com/firebasejs/live/10.8/firebase.js","packageURL":"https://www.gstatic.com/firebasejs/live/10.8/firebase.tgz"},"components":{"analytics":"https://www.gstatic.com/firebasejs/10.8.1/firebase-analytics.js","app":"https://www.gstatic.com/firebasejs/10.8.1/firebase-app.js","app-check":"https://www.gstatic.com/firebasejs/10.8.1/firebase-app-check.js","auth":"https://www.gstatic.com/firebasejs/10.8.1/firebase-auth.js","auth/cordova":"https://www.gstatic.com/firebasejs/10.8.1/firebase-auth/cordova.js","auth/web-extension":"https://www.gstatic.com/firebasejs/10.8.1/firebase-auth/web-extension.js","functions":"https://www.gstatic.com/firebasejs/10.8.1/firebase-functions.js","firestore":"https://www.gstatic.com/firebasejs/10.8.1/firebase-firestore.js","firestore/lite":"https://www.gstatic.com/firebasejs/10.8.1/firebase-firestore/lite.js","installations":"https://www.gstatic.com/firebasejs/10.8.1/firebase-installations.js","storage":"https://www.gstatic.com/firebasejs/10.8.1/firebase-storage.js","performance":"https://www.gstatic.com/firebasejs/10.8.1/firebase-performance.js","remote-config":"https://www.gstatic.com/firebasejs/10.8.1/firebase-remote-config.js","messaging":"https://www.gstatic.com/firebasejs/10.8.1/firebase-messaging.js","messaging/sw":"https://www.gstatic.com/firebasejs/10.8.1/firebase-messaging/sw.js","database":"https://www.gstatic.com/firebasejs/10.8.1/firebase-database.js","firestore.memory":"https://www.gstatic.com/firebasejs/10.8.1/firebase-firestore.memory.js"}}
[info] ✔  Wrote public/index.html 
[info] 
[info] i  Detected a .git folder at /home/beto/projects/Job-Genie/landing_page 
[info] i  Authorizing with GitHub to upload your service account to a GitHub repository's secrets store. 
[info] 
[info] Visit this URL on this device to log in:
[info] https://github.com/login/oauth/authorize?client_id=89cf50f02ac6aaed3484&state=275598935&redirect_uri=http%3A%2F%2Flocalhost%3A9005&scope=read%3Auser%20repo%20public_repo
[info] 
[info] Waiting for authentication...
[debug] [2024-02-29T18:33:56.485Z] >>> [apiv2][query] POST https://github.com/login/oauth/access_token [none]
[debug] [2024-02-29T18:33:56.485Z] >>> [apiv2][body] POST https://github.com/login/oauth/access_token [stream]
[debug] [2024-02-29T18:33:56.687Z] <<< [apiv2][status] POST https://github.com/login/oauth/access_token 200
[debug] [2024-02-29T18:33:56.687Z] <<< [apiv2][body] POST https://github.com/login/oauth/access_token {"access_token":"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","token_type":"bearer","scope":"read:user,repo"}
[debug] [2024-02-29T18:33:56.694Z] >>> [apiv2][query] GET https://api.github.com/user [none]
[debug] [2024-02-29T18:33:56.881Z] <<< [apiv2][status] GET https://api.github.com/user 200
[debug] [2024-02-29T18:33:56.882Z] <<< [apiv2][body] GET https://api.github.com/user {"login":"rpupo63","id":79029818,"node_id":"MDQ6VXNlcjc5MDI5ODE4","avatar_url":"https://avatars.githubusercontent.com/u/79029818?v=4","gravatar_id":"","url":"https://api.github.com/users/rpupo63","html_url":"https://github.com/rpupo63","followers_url":"https://api.github.com/users/rpupo63/followers","following_url":"https://api.github.com/users/rpupo63/following{/other_user}","gists_url":"https://api.github.com/users/rpupo63/gists{/gist_id}","starred_url":"https://api.github.com/users/rpupo63/starred{/owner}{/repo}","subscriptions_url":"https://api.github.com/users/rpupo63/subscriptions","organizations_url":"https://api.github.com/users/rpupo63/orgs","repos_url":"https://api.github.com/users/rpupo63/repos","events_url":"https://api.github.com/users/rpupo63/events{/privacy}","received_events_url":"https://api.github.com/users/rpupo63/received_events","type":"User","site_admin":false,"name":"Robbie P","company":null,"blog":"","location":null,"email":null,"hireable":null,"bio":null,"twitter_username":null,"public_repos":2,"public_gists":0,"followers":0,"following":0,"created_at":"2021-02-14T00:56:24Z","updated_at":"2024-02-28T16:55:16Z","private_gists":0,"total_private_repos":1,"owned_private_repos":1,"disk_usage":3815,"collaborators":0,"two_factor_authentication":true,"plan":{"name":"free","space":976562499,"collaborators":0,"private_repos":10000}}
[info] 
[info] ✔  Success! Logged into GitHub as rpupo63 
[info] 
[debug] [2024-02-29T18:34:03.685Z] >>> [apiv2][query] GET https://api.github.com/repos//actions/secrets/public-key type=owner
[debug] [2024-02-29T18:34:03.828Z] <<< [apiv2][status] GET https://api.github.com/repos//actions/secrets/public-key 404
[debug] [2024-02-29T18:34:03.828Z] <<< [apiv2][body] GET https://api.github.com/repos//actions/secrets/public-key {"message":"Not Found","documentation_url":"https://docs.github.com/rest"}
[info] 
[info] 
[error] ⚠  The provided authorization cannot be used with this repository. If this repository is in an organization, did you remember to grant access? 
[info] 
[info] i  Action required: Visit this URL to ensure access has been granted to the appropriate organization(s) for the Firebase CLI GitHub OAuth App: 
[info] https://github.com/settings/connections/applications/89cf50f02ac6aaed3484
[info] 
[debug] [2024-02-29T18:34:24.632Z] >>> [apiv2][query] GET https://api.github.com/repos/user/job-genie/actions/secrets/public-key type=owner
[debug] [2024-02-29T18:34:24.885Z] <<< [apiv2][status] GET https://api.github.com/repos/user/job-genie/actions/secrets/public-key 404
[debug] [2024-02-29T18:34:24.885Z] <<< [apiv2][body] GET https://api.github.com/repos/user/job-genie/actions/secrets/public-key {"message":"Not Found","documentation_url":"https://docs.github.com/rest/actions/secrets#get-a-repository-public-key"}
[info] 
[info] 
[error] ⚠  The provided authorization cannot be used with this repository. If this repository is in an organization, did you remember to grant access? 
[info] 
[info] i  Action required: Visit this URL to ensure access has been granted to the appropriate organization(s) for the Firebase CLI GitHub OAuth App: 
[info] https://github.com/settings/connections/applications/89cf50f02ac6aaed3484
[info] 
